<?xml version="1.0" encoding="UTF-8"?>
<!-- Generated by org.testng.reporters.JUnitReportReporter -->
<testsuite skipped="0" hostname="Princes-MacBook-Pro.local" name="SumValidation" tests="1" failures="0" timestamp="2022-04-07T18:03:17 IST" time="1.029" errors="0">
  <testcase name="validatePrice" time="1.029" classname="SumValidation"/>
  <system-out/>
</testsuite> <!-- SumValidation -->
